# JRE version: OpenJDK Runtime Environment (8.0_152-b01) (build 1.8.0_152-release-1248-b01)
# Java VM: OpenJDK 64-Bit Server VM (25.152-b01 mixed mode bsd-amd64 compressed oops)
Heap:
 PSYoungGen      total 463872K, used 20958K [0x00000007a0000000, 0x00000007bfd80000, 0x00000007c0000000)
  eden space 409600K, 2% used [0x00000007a0000000,0x00000007a0979e28,0x00000007b9000000)
  from space 54272K, 20% used [0x00000007b9000000,0x00000007b9afdc38,0x00000007bc500000)
  to   space 53248K, 0% used [0x00000007bc980000,0x00000007bc980000,0x00000007bfd80000)
 ParOldGen       total 205824K, used 177522K [0x0000000760000000, 0x000000076c900000, 0x00000007a0000000)
  object space 205824K, 86% used [0x0000000760000000,0x000000076ad5cb40,0x000000076c900000)
 Metaspace       used 91250K, capacity 97820K, committed 98008K, reserved 1134592K
  class space    used 10971K, capacity 12180K, committed 12288K, reserved 1048576K
GC Heap History (10 events):
Event: 11668.865 GC heap before
{Heap before GC invocations=55 (full 4):
 PSYoungGen      total 440320K, used 413856K [0x00000007a0000000, 0x00000007bea80000, 0x00000007c0000000)
  eden space 389632K, 100% used [0x00000007a0000000,0x00000007b7c80000,0x00000007b7c80000)
  from space 50688K, 47% used [0x00000007bb900000,0x00000007bd0a8058,0x00000007bea80000)
  to   space 56320K, 0% used [0x00000007b7c80000,0x00000007b7c80000,0x00000007bb380000)
 ParOldGen       total 205824K, used 158825K [0x0000000760000000, 0x000000076c900000, 0x00000007a0000000)
  object space 205824K, 77% used [0x0000000760000000,0x0000000769b1a5c0,0x000000076c900000)
 Metaspace       used 90845K, capacity 97470K, committed 97752K, reserved 1134592K
  class space    used 10968K, capacity 12179K, committed 12288K, reserved 1048576K
Event: 11669.005 GC heap after
Heap after GC invocations=55 (full 4):
 PSYoungGen      total 445952K, used 37233K [0x00000007a0000000, 0x00000007c0000000, 0x00000007c0000000)
  eden space 389632K, 0% used [0x00000007a0000000,0x00000007a0000000,0x00000007b7c80000)
  from space 56320K, 66% used [0x00000007b7c80000,0x00000007ba0dc5f8,0x00000007bb380000)
  to   space 57856K, 0% used [0x00000007bc780000,0x00000007bc780000,0x00000007c0000000)
 ParOldGen       total 205824K, used 159233K [0x0000000760000000, 0x000000076c900000, 0x00000007a0000000)
  object space 205824K, 77% used [0x0000000760000000,0x0000000769b806f8,0x000000076c900000)
 Metaspace       used 90845K, capacity 97470K, committed 97752K, reserved 1134592K
  class space    used 10968K, capacity 12179K, committed 12288K, reserved 1048576K
}
Event: 12067.725 GC heap before
{Heap before GC invocations=56 (full 4):
 PSYoungGen      total 445952K, used 426865K [0x00000007a0000000, 0x00000007c0000000, 0x00000007c0000000)
  eden space 389632K, 100% used [0x00000007a0000000,0x00000007b7c80000,0x00000007b7c80000)
  from space 56320K, 66% used [0x00000007b7c80000,0x00000007ba0dc5f8,0x00000007bb380000)
  to   space 57856K, 0% used [0x00000007bc780000,0x00000007bc780000,0x00000007c0000000)
 ParOldGen       total 205824K, used 159233K [0x0000000760000000, 0x000000076c900000, 0x00000007a0000000)
  object space 205824K, 77% used [0x0000000760000000,0x0000000769b806f8,0x000000076c900000)
 Metaspace       used 90970K, capacity 97484K, committed 97752K, reserved 1134592K
  class space    used 10969K, capacity 12180K, committed 12288K, reserved 1048576K
Event: 12067.945 GC heap after
Heap after GC invocations=56 (full 4):
 PSYoungGen      total 466944K, used 31457K [0x00000007a0000000, 0x00000007c0000000, 0x00000007c0000000)
  eden space 409088K, 0% used [0x00000007a0000000,0x00000007a0000000,0x00000007b8f80000)
  from space 57856K, 54% used [0x00000007bc780000,0x00000007be6387e0,0x00000007c0000000)
  to   space 57344K, 0% used [0x00000007b8f80000,0x00000007b8f80000,0x00000007bc780000)
 ParOldGen       total 205824K, used 162704K [0x0000000760000000, 0x000000076c900000, 0x00000007a0000000)
  object space 205824K, 79% used [0x0000000760000000,0x0000000769ee41c8,0x000000076c900000)
 Metaspace       used 90970K, capacity 97484K, committed 97752K, reserved 1134592K
  class space    used 10969K, capacity 12180K, committed 12288K, reserved 1048576K
}
Event: 12210.431 GC heap before
{Heap before GC invocations=57 (full 4):
 PSYoungGen      total 466944K, used 440545K [0x00000007a0000000, 0x00000007c0000000, 0x00000007c0000000)
  eden space 409088K, 100% used [0x00000007a0000000,0x00000007b8f80000,0x00000007b8f80000)
  from space 57856K, 54% used [0x00000007bc780000,0x00000007be6387e0,0x00000007c0000000)
  to   space 57344K, 0% used [0x00000007b8f80000,0x00000007b8f80000,0x00000007bc780000)
 ParOldGen       total 205824K, used 162704K [0x0000000760000000, 0x000000076c900000, 0x00000007a0000000)
  object space 205824K, 79% used [0x0000000760000000,0x0000000769ee41c8,0x000000076c900000)
 Metaspace       used 91074K, capacity 97684K, committed 98008K, reserved 1134592K
  class space    used 10969K, capacity 12180K, committed 12288K, reserved 1048576K
Event: 12210.538 GC heap after
Heap after GC invocations=57 (full 4):
 PSYoungGen      total 432128K, used 22732K [0x00000007a0000000, 0x00000007bfa80000, 0x00000007c0000000)
  eden space 409088K, 0% used [0x00000007a0000000,0x00000007a0000000,0x00000007b8f80000)
  from space 23040K, 98% used [0x00000007b8f80000,0x00000007ba5b32c8,0x00000007ba600000)
  to   space 54784K, 0% used [0x00000007bc500000,0x00000007bc500000,0x00000007bfa80000)
 ParOldGen       total 205824K, used 163712K [0x0000000760000000, 0x000000076c900000, 0x00000007a0000000)
  object space 205824K, 79% used [0x0000000760000000,0x0000000769fe01f8,0x000000076c900000)
 Metaspace       used 91074K, capacity 97684K, committed 98008K, reserved 1134592K
  class space    used 10969K, capacity 12180K, committed 12288K, reserved 1048576K
}
Event: 13986.296 GC heap before
{Heap before GC invocations=58 (full 4):
 PSYoungGen      total 432128K, used 431820K [0x00000007a0000000, 0x00000007bfa80000, 0x00000007c0000000)
  eden space 409088K, 100% used [0x00000007a0000000,0x00000007b8f80000,0x00000007b8f80000)
  from space 23040K, 98% used [0x00000007b8f80000,0x00000007ba5b32c8,0x00000007ba600000)
  to   space 54784K, 0% used [0x00000007bc500000,0x00000007bc500000,0x00000007bfa80000)
 ParOldGen       total 205824K, used 163712K [0x0000000760000000, 0x000000076c900000, 0x00000007a0000000)
  object space 205824K, 79% used [0x0000000760000000,0x0000000769fe01f8,0x000000076c900000)
 Metaspace       used 91153K, capacity 97688K, committed 98008K, reserved 1134592K
  class space    used 10969K, capacity 12180K, committed 12288K, reserved 1048576K
Event: 13986.498 GC heap after
Heap after GC invocations=58 (full 4):
 PSYoungGen      total 464384K, used 11171K [0x00000007a0000000, 0x00000007c0000000, 0x00000007c0000000)
  eden space 409600K, 0% used [0x00000007a0000000,0x00000007a0000000,0x00000007b9000000)
  from space 54784K, 20% used [0x00000007bc500000,0x00000007bcfe8e48,0x00000007bfa80000)
  to   space 54272K, 0% used [0x00000007b9000000,0x00000007b9000000,0x00000007bc500000)
 ParOldGen       total 205824K, used 177208K [0x0000000760000000, 0x000000076c900000, 0x00000007a0000000)
  object space 205824K, 86% used [0x0000000760000000,0x000000076ad0e120,0x000000076c900000)
 Metaspace       used 91153K, capacity 97688K, committed 98008K, reserved 1134592K
  class space    used 10969K, capacity 12180K, committed 12288K, reserved 1048576K
}
Event: 14104.044 GC heap before
{Heap before GC invocations=59 (full 4):
 PSYoungGen      total 464384K, used 420771K [0x00000007a0000000, 0x00000007c0000000, 0x00000007c0000000)
  eden space 409600K, 100% used [0x00000007a0000000,0x00000007b9000000,0x00000007b9000000)
  from space 54784K, 20% used [0x00000007bc500000,0x00000007bcfe8e48,0x00000007bfa80000)
  to   space 54272K, 0% used [0x00000007b9000000,0x00000007b9000000,0x00000007bc500000)
 ParOldGen       total 205824K, used 177208K [0x0000000760000000, 0x000000076c900000, 0x00000007a0000000)
  object space 205824K, 86% used [0x0000000760000000,0x000000076ad0e120,0x000000076c900000)
 Metaspace       used 91250K, capacity 97820K, committed 98008K, reserved 1134592K
  class space    used 10971K, capacity 12180K, committed 12288K, reserved 1048576K
Event: 14104.092 GC heap after
Heap after GC invocations=59 (full 4):
 PSYoungGen      total 463872K, used 11255K [0x00000007a0000000, 0x00000007bfd80000, 0x00000007c0000000)
  eden space 409600K, 0% used [0x00000007a0000000,0x00000007a0000000,0x00000007b9000000)
  from space 54272K, 20% used [0x00000007b9000000,0x00000007b9afdc38,0x00000007bc500000)
  to   space 53248K, 0% used [0x00000007bc980000,0x00000007bc980000,0x00000007bfd80000)
 ParOldGen       total 205824K, used 177522K [0x0000000760000000, 0x000000076c900000, 0x00000007a0000000)
  object space 205824K, 86% used [0x0000000760000000,0x000000076ad5cb40,0x000000076c900000)
 Metaspace       used 91250K, capacity 97820K, committed 98008K, reserved 1134592K
  class space    used 10971K, capacity 12180K, committed 12288K, reserved 1048576K
}

